INFO 2019-12-14 17:23:10,501 basehttp 124 "GET / HTTP/1.1" 200 4
INFO 2019-12-14 17:24:55,837 urls 27 info
INFO 2019-12-14 17:24:55,838 basehttp 124 "GET / HTTP/1.1" 200 4
INFO 2019-12-14 17:30:20,904 basehttp 124 "GET /static/index.html HTTP/1.1" 200 12002
INFO 2019-12-14 17:30:20,962 basehttp 124 "GET /static/bootstrap/css/bootstrap.min.css HTTP/1.1" 200 140942
INFO 2019-12-14 17:30:20,967 basehttp 124 "GET /static/md_css/monokai.css HTTP/1.1" 200 4118
INFO 2019-12-14 17:30:20,995 basehttp 124 "GET /static/common/common.css HTTP/1.1" 200 381
INFO 2019-12-14 17:30:21,004 basehttp 124 "GET /static/common/jquery.pagination.css HTTP/1.1" 200 523
INFO 2019-12-14 17:30:21,018 basehttp 124 "GET /static/js/axios-0.18.0.min.js HTTP/1.1" 200 12941
INFO 2019-12-14 17:30:21,022 basehttp 124 "GET /static/js/vue-2.5.16.js HTTP/1.1" 200 289307
INFO 2019-12-14 17:30:21,042 basehttp 124 "GET /static/img/1.jpg HTTP/1.1" 200 78682
INFO 2019-12-14 17:30:21,043 basehttp 124 "GET /static/js/jquery-1.12.4.min.js HTTP/1.1" 200 97163
INFO 2019-12-14 17:30:21,063 basehttp 124 "GET /static/js/host.js HTTP/1.1" 200 35
INFO 2019-12-14 17:30:21,065 basehttp 124 "GET /static/js/common.js HTTP/1.1" 200 891
INFO 2019-12-14 17:30:21,065 basehttp 124 "GET /static/js/index.js HTTP/1.1" 200 530
INFO 2019-12-14 17:30:21,067 basehttp 124 "GET /static/js/jquery.pagination.min.js HTTP/1.1" 200 2935
WARNING 2019-12-14 17:48:38,046 log 228 Not Found: /register/
WARNING 2019-12-14 17:48:38,047 basehttp 124 "GET /register/ HTTP/1.1" 404 2136
INFO 2019-12-14 17:48:43,654 basehttp 124 "GET /register HTTP/1.1" 200 5217
INFO 2019-12-14 17:48:43,686 basehttp 124 "GET /static/img/image_code.png HTTP/1.1" 200 3483
INFO 2019-12-14 17:48:43,702 basehttp 124 "GET /static/js/register.js HTTP/1.1" 200 6407
WARNING 2019-12-14 17:48:57,735 log 228 Not Found: /users/register
WARNING 2019-12-14 17:48:57,736 basehttp 124 "GET /users/register HTTP/1.1" 404 2151
INFO 2019-12-14 17:49:11,307 basehttp 124 "GET /users/register HTTP/1.1" 200 5217
INFO 2019-12-14 17:49:14,176 basehttp 124 "GET /users/register HTTP/1.1" 200 5217
INFO 2019-12-14 17:49:14,866 basehttp 124 "GET /users/register HTTP/1.1" 200 5217
INFO 2019-12-14 17:49:15,461 basehttp 124 "GET /users/register HTTP/1.1" 200 5217
INFO 2019-12-14 17:49:16,269 basehttp 124 "GET /users/register HTTP/1.1" 200 5217
INFO 2019-12-14 17:49:16,722 basehttp 124 "GET /users/register HTTP/1.1" 200 5217
INFO 2019-12-14 17:49:16,992 basehttp 124 "GET /users/register HTTP/1.1" 200 5217
INFO 2019-12-20 09:56:33,765 urls 27 info
INFO 2019-12-20 09:56:33,767 basehttp 124 "GET / HTTP/1.1" 200 4
WARNING 2019-12-20 09:56:34,280 log 228 Not Found: /favicon.ico
WARNING 2019-12-20 09:56:34,281 basehttp 124 "GET /favicon.ico HTTP/1.1" 404 2070
INFO 2019-12-20 13:58:37,312 basehttp 124 "GET /register/ HTTP/1.1" 200 5217
INFO 2019-12-20 13:58:37,341 basehttp 124 "GET /static/bootstrap/css/bootstrap.min.css HTTP/1.1" 304 0
INFO 2019-12-20 13:58:37,350 basehttp 124 "GET /static/img/image_code.png HTTP/1.1" 304 0
INFO 2019-12-20 13:58:37,357 basehttp 124 "GET /static/js/host.js HTTP/1.1" 304 0
INFO 2019-12-20 13:58:37,358 basehttp 124 "GET /static/js/register.js HTTP/1.1" 304 0
WARNING 2019-12-20 14:11:30,587 log 228 Not Found: /register/
WARNING 2019-12-20 14:11:30,588 basehttp 124 "GET /register/ HTTP/1.1" 404 2064
INFO 2019-12-20 14:15:49,067 basehttp 124 "GET /register/ HTTP/1.1" 200 5217
INFO 2019-12-20 14:18:41,833 basehttp 124 "GET /register/ HTTP/1.1" 200 5208
INFO 2019-12-20 14:18:43,944 basehttp 124 "GET /register/ HTTP/1.1" 200 5208
INFO 2019-12-20 14:18:45,101 basehttp 124 "GET /register/ HTTP/1.1" 200 5208
WARNING 2019-12-23 17:05:20,259 log 228 Not Found: /
WARNING 2019-12-23 17:05:20,260 basehttp 124 "GET / HTTP/1.1" 404 2092
WARNING 2019-12-23 17:05:20,586 log 228 Not Found: /favicon.ico
WARNING 2019-12-23 17:05:20,587 basehttp 124 "GET /favicon.ico HTTP/1.1" 404 2143
INFO 2019-12-23 17:05:23,508 basehttp 124 "GET /register/ HTTP/1.1" 200 5208
INFO 2019-12-23 17:05:23,571 basehttp 124 "GET /static/js/register.js HTTP/1.1" 304 0
INFO 2019-12-23 17:14:58,216 basehttp 124 "GET /static/login.html HTTP/1.1" 200 3106
INFO 2019-12-23 17:14:58,241 basehttp 124 "GET /static/js/login.js HTTP/1.1" 200 677
WARNING 2019-12-23 17:15:12,546 log 228 Not Found: /templates/register.html
WARNING 2019-12-23 17:15:12,546 basehttp 124 "GET /templates/register.html HTTP/1.1" 404 2179
WARNING 2019-12-23 18:15:34,488 log 228 Not Found: /
WARNING 2019-12-23 18:15:34,492 basehttp 124 "GET / HTTP/1.1" 404 2267
INFO 2019-12-23 18:16:45,593 basehttp 124 "GET /imagecode/?uuid=123 HTTP/1.1" 200 3144
INFO 2019-12-23 18:18:16,241 basehttp 124 "GET /register/ HTTP/1.1" 200 5197
INFO 2019-12-23 18:18:31,439 basehttp 124 "GET /imagecode/?uuid=97d99269-0dab-48cf-b697-ffedae339e2e HTTP/1.1" 200 3367
INFO 2019-12-23 18:18:39,094 basehttp 124 "GET /imagecode/?uuid=4badaa66-10c6-446c-9053-8bc6f91fdde1 HTTP/1.1" 200 2953
INFO 2019-12-23 18:18:39,836 basehttp 124 "GET /imagecode/?uuid=123da2b2-5e3d-4842-8355-da7b8c0d72e6 HTTP/1.1" 200 2985
INFO 2019-12-23 18:18:41,007 basehttp 124 "GET /imagecode/?uuid=d7561b37-0772-48f1-9f48-762af6ef3f25 HTTP/1.1" 200 3077
INFO 2019-12-23 18:18:42,096 basehttp 124 "GET /imagecode/?uuid=f965947b-6c86-471e-b52d-de5d632d779a HTTP/1.1" 200 3163
INFO 2019-12-23 18:18:43,495 basehttp 124 "GET /imagecode/?uuid=3dcfca89-e78c-4805-946e-a1aff8440027 HTTP/1.1" 200 2955
INFO 2019-12-23 18:18:58,850 basehttp 124 "GET /imagecode/?uuid=3cf2af33-1536-4da3-8a56-f27499e2554f HTTP/1.1" 200 3373
INFO 2019-12-23 18:19:00,248 basehttp 124 "GET /imagecode/?uuid=51d8993b-4b47-457a-9a83-3552d540477b HTTP/1.1" 200 3277
INFO 2019-12-23 18:19:02,899 basehttp 124 "GET /imagecode/?uuid=21857e6f-f807-4821-914a-cad48360aee2 HTTP/1.1" 200 3001
WARNING 2020-01-12 10:04:43,854 log 228 Not Found: /
WARNING 2020-01-12 10:04:43,855 basehttp 124 "GET / HTTP/1.1" 404 2267
WARNING 2020-01-12 10:04:44,293 log 228 Not Found: /favicon.ico
WARNING 2020-01-12 10:04:44,294 basehttp 124 "GET /favicon.ico HTTP/1.1" 404 2318
INFO 2020-01-12 10:04:48,360 basehttp 124 "GET /register/ HTTP/1.1" 200 5197
INFO 2020-01-12 10:04:48,401 basehttp 124 "GET /static/bootstrap/css/bootstrap.min.css HTTP/1.1" 200 140942
INFO 2020-01-12 10:04:48,411 basehttp 124 "GET /static/js/axios-0.18.0.min.js HTTP/1.1" 200 12941
INFO 2020-01-12 10:04:48,414 basehttp 124 "GET /static/js/register.js HTTP/1.1" 200 6407
INFO 2020-01-12 10:04:48,419 basehttp 124 "GET /static/js/common.js HTTP/1.1" 200 891
INFO 2020-01-12 10:04:48,421 basehttp 124 "GET /static/js/host.js HTTP/1.1" 200 35
INFO 2020-01-12 10:04:48,423 basehttp 124 "GET /static/js/vue-2.5.16.js HTTP/1.1" 200 289307
ERROR 2020-01-12 10:04:49,792 log 228 Internal Server Error: /imagecode/
Traceback (most recent call last):
  File "C:\Users\Ricky\Envs\blog\lib\site-packages\redis\connection.py", line 539, in connect
    sock = self._connect()
  File "C:\Users\Ricky\Envs\blog\lib\site-packages\redis\connection.py", line 596, in _connect
    raise err
  File "C:\Users\Ricky\Envs\blog\lib\site-packages\redis\connection.py", line 584, in _connect
    sock.connect(socket_address)
ConnectionRefusedError: [WinError 10061] 由于目标计算机积极拒绝，无法连接。

During handling of the above exception, another exception occurred:

Traceback (most recent call last):
  File "C:\Users\Ricky\Envs\blog\lib\site-packages\django\core\handlers\exception.py", line 34, in inner
    response = get_response(request)
  File "C:\Users\Ricky\Envs\blog\lib\site-packages\django\core\handlers\base.py", line 126, in _get_response
    response = self.process_exception_by_middleware(e, request)
  File "C:\Users\Ricky\Envs\blog\lib\site-packages\django\core\handlers\base.py", line 124, in _get_response
    response = wrapped_callback(request, *callback_args, **callback_kwargs)
  File "C:\Users\Ricky\Envs\blog\lib\site-packages\django\views\generic\base.py", line 68, in view
    return self.dispatch(request, *args, **kwargs)
  File "C:\Users\Ricky\Envs\blog\lib\site-packages\django\views\generic\base.py", line 88, in dispatch
    return handler(request, *args, **kwargs)
  File "C:\Users\Ricky\Desktop\blog\blog\users\views.py", line 44, in get
    redis_conn.setex('img:%s'%uuid,300,text)
  File "C:\Users\Ricky\Envs\blog\lib\site-packages\redis\client.py", line 1540, in setex
    return self.execute_command('SETEX', name, time, value)
  File "C:\Users\Ricky\Envs\blog\lib\site-packages\redis\client.py", line 836, in execute_command
    conn = self.connection or pool.get_connection(command_name, **options)
  File "C:\Users\Ricky\Envs\blog\lib\site-packages\redis\connection.py", line 1073, in get_connection
    connection.connect()
  File "C:\Users\Ricky\Envs\blog\lib\site-packages\redis\connection.py", line 544, in connect
    raise ConnectionError(self._error_message(e))
redis.exceptions.ConnectionError: Error 10061 connecting to 127.0.0.1:6379. 由于目标计算机积极拒绝，无法连接。.
ERROR 2020-01-12 10:04:49,804 basehttp 124 "GET /imagecode/?uuid=d985c980-4799-4595-81c6-100b389e2f4d HTTP/1.1" 500 114390
INFO 2020-01-12 10:07:21,814 basehttp 124 "GET /register/ HTTP/1.1" 200 5197
INFO 2020-01-12 10:07:21,962 basehttp 124 "GET /imagecode/?uuid=bc963c78-f953-43a5-820e-7dc35c67f73d HTTP/1.1" 200 3473
INFO 2020-01-12 11:43:08,483 basehttp 124 "GET /register/ HTTP/1.1" 200 5197
INFO 2020-01-12 11:43:08,776 basehttp 124 "GET /imagecode/?uuid=6fa5a701-9397-4fd1-b75f-08072a5f4340 HTTP/1.1" 200 3068
INFO 2020-01-12 11:43:26,951 basehttp 124 "GET /imagecode/?uuid=35ac9aab-cd45-433b-92c2-25fd52f43dcb HTTP/1.1" 200 3633
WARNING 2020-01-12 11:43:35,987 log 228 Not Found: /smscode/
WARNING 2020-01-12 11:43:35,991 basehttp 124 "GET /smscode/?mobile=18310820688&image_code=rqma&uuid=35ac9aab-cd45-433b-92c2-25fd52f43dcb HTTP/1.1" 404 2394
WARNING 2020-01-12 11:43:52,222 log 228 Not Found: /smscode/
WARNING 2020-01-12 11:43:52,228 basehttp 124 "GET /smscode/?mobile=18310820688&image_code=rqma&uuid=35ac9aab-cd45-433b-92c2-25fd52f43dcb HTTP/1.1" 404 2394
INFO 2020-01-12 11:45:13,355 basehttp 124 "GET /imagecode/?uuid=8f55373f-650a-438f-b77c-77944af0b984 HTTP/1.1" 200 2728
INFO 2020-01-12 11:46:11,193 views 100 971217
INFO 2020-01-12 11:46:24,344 basehttp 124 "GET /smscode/?mobile=18310820688&image_code=udta&uuid=8f55373f-650a-438f-b77c-77944af0b984 HTTP/1.1" 200 63
WARNING 2020-01-12 15:17:13,177 log 228 Not Found: /
WARNING 2020-01-12 15:17:13,178 basehttp 124 "GET / HTTP/1.1" 404 2438
WARNING 2020-01-12 15:17:13,367 log 228 Not Found: /favicon.ico
WARNING 2020-01-12 15:17:13,368 basehttp 124 "GET /favicon.ico HTTP/1.1" 404 2489
INFO 2020-01-12 15:17:17,681 basehttp 124 "GET /register/ HTTP/1.1" 200 5197
ERROR 2020-01-12 15:17:19,090 log 228 Internal Server Error: /imagecode/
Traceback (most recent call last):
  File "C:\Users\Ricky\Envs\blog\lib\site-packages\redis\connection.py", line 539, in connect
    sock = self._connect()
  File "C:\Users\Ricky\Envs\blog\lib\site-packages\redis\connection.py", line 596, in _connect
    raise err
  File "C:\Users\Ricky\Envs\blog\lib\site-packages\redis\connection.py", line 584, in _connect
    sock.connect(socket_address)
ConnectionRefusedError: [WinError 10061] 由于目标计算机积极拒绝，无法连接。

During handling of the above exception, another exception occurred:

Traceback (most recent call last):
  File "C:\Users\Ricky\Envs\blog\lib\site-packages\django\core\handlers\exception.py", line 34, in inner
    response = get_response(request)
  File "C:\Users\Ricky\Envs\blog\lib\site-packages\django\core\handlers\base.py", line 126, in _get_response
    response = self.process_exception_by_middleware(e, request)
  File "C:\Users\Ricky\Envs\blog\lib\site-packages\django\core\handlers\base.py", line 124, in _get_response
    response = wrapped_callback(request, *callback_args, **callback_kwargs)
  File "C:\Users\Ricky\Envs\blog\lib\site-packages\django\views\generic\base.py", line 68, in view
    return self.dispatch(request, *args, **kwargs)
  File "C:\Users\Ricky\Envs\blog\lib\site-packages\django\views\generic\base.py", line 88, in dispatch
    return handler(request, *args, **kwargs)
  File "C:\Users\Ricky\Desktop\blog\blog\users\views.py", line 44, in get
    redis_conn.setex('img:%s'%uuid,300,text)
  File "C:\Users\Ricky\Envs\blog\lib\site-packages\redis\client.py", line 1540, in setex
    return self.execute_command('SETEX', name, time, value)
  File "C:\Users\Ricky\Envs\blog\lib\site-packages\redis\client.py", line 836, in execute_command
    conn = self.connection or pool.get_connection(command_name, **options)
  File "C:\Users\Ricky\Envs\blog\lib\site-packages\redis\connection.py", line 1073, in get_connection
    connection.connect()
  File "C:\Users\Ricky\Envs\blog\lib\site-packages\redis\connection.py", line 544, in connect
    raise ConnectionError(self._error_message(e))
redis.exceptions.ConnectionError: Error 10061 connecting to 127.0.0.1:6379. 由于目标计算机积极拒绝，无法连接。.
ERROR 2020-01-12 15:17:19,103 basehttp 124 "GET /imagecode/?uuid=08f00432-e39c-45aa-baef-9f37a46ce20d HTTP/1.1" 500 114634
INFO 2020-01-12 15:17:29,373 basehttp 124 "GET /register/ HTTP/1.1" 200 5197
INFO 2020-01-12 15:17:29,521 basehttp 124 "GET /imagecode/?uuid=8b3c221b-907a-463c-bf23-bc6c3b7d5f50 HTTP/1.1" 200 2979
INFO 2020-01-12 15:26:08,540 basehttp 124 "GET /imagecode/?uuid=548b1d0e-68f8-4c35-aa09-fe1ff3e1b2d1 HTTP/1.1" 200 3180
INFO 2020-01-12 15:43:24,015 basehttp 124 "GET /imagecode/?uuid=f88501dc-3976-4377-b1e4-db8257ecaafc HTTP/1.1" 200 3400
INFO 2020-01-12 15:43:31,597 views 157 573458
INFO 2020-01-12 15:43:34,745 basehttp 124 "GET /smscode/?mobile=18310820688&image_code=DGue&uuid=f88501dc-3976-4377-b1e4-db8257ecaafc HTTP/1.1" 200 63
WARNING 2020-01-12 15:43:53,713 log 228 Forbidden (CSRF token missing or incorrect.): /register/
WARNING 2020-01-12 15:43:53,715 basehttp 124 "POST /register/ HTTP/1.1" 403 2513
INFO 2020-01-12 15:44:45,135 basehttp 124 "GET /register/ HTTP/1.1" 200 5339
INFO 2020-01-12 15:44:45,329 basehttp 124 "GET /imagecode/?uuid=68bb37da-a419-4412-a78b-c8d804b0eae1 HTTP/1.1" 200 3097
INFO 2020-01-12 15:44:56,659 views 157 916356
INFO 2020-01-12 15:45:00,268 basehttp 124 "GET /smscode/?mobile=18310820688&image_code=b5dw&uuid=68bb37da-a419-4412-a78b-c8d804b0eae1 HTTP/1.1" 200 63
INFO 2020-01-12 15:45:18,283 basehttp 124 "POST /register/ HTTP/1.1" 200 33
INFO 2020-01-12 15:46:12,385 basehttp 124 "GET /register/ HTTP/1.1" 200 5339
INFO 2020-01-12 15:46:12,675 basehttp 124 "GET /imagecode/?uuid=997b0974-ae5d-4f65-bc38-5b771f59dbf4 HTTP/1.1" 200 3098
INFO 2020-01-12 15:46:39,014 views 157 507413
INFO 2020-01-12 15:46:42,514 basehttp 124 "GET /smscode/?mobile=18310820687&image_code=lfos&uuid=997b0974-ae5d-4f65-bc38-5b771f59dbf4 HTTP/1.1" 200 63
INFO 2020-01-12 15:47:27,926 basehttp 124 "POST /register/ HTTP/1.1" 200 33
INFO 2020-01-12 16:03:44,066 basehttp 124 "GET / HTTP/1.1" 200 11962
INFO 2020-01-12 16:03:44,164 basehttp 124 "GET /static/common/common.css HTTP/1.1" 200 381
INFO 2020-01-12 16:03:44,198 basehttp 124 "GET /static/common/jquery.pagination.css HTTP/1.1" 200 523
INFO 2020-01-12 16:03:44,210 basehttp 124 "GET /static/js/index.js HTTP/1.1" 200 530
INFO 2020-01-12 16:03:44,226 basehttp 124 "GET /static/img/1.jpg HTTP/1.1" 200 78682
INFO 2020-01-12 16:03:44,229 basehttp 124 "GET /static/js/jquery-1.12.4.min.js HTTP/1.1" 200 97163
INFO 2020-01-12 16:03:44,242 basehttp 124 "GET /static/md_css/monokai.css HTTP/1.1" 200 4118
INFO 2020-01-12 16:03:44,248 basehttp 124 "GET /static/js/jquery.pagination.min.js HTTP/1.1" 200 2935
INFO 2020-01-12 16:06:28,645 basehttp 124 "GET /register/ HTTP/1.1" 200 5329
INFO 2020-01-12 16:06:29,119 basehttp 124 "GET /imagecode/?uuid=65ace69a-e246-4b28-a6ba-0e80ebfe68a6 HTTP/1.1" 200 3313
INFO 2020-01-12 16:06:40,941 views 164 099936
INFO 2020-01-12 16:06:43,721 basehttp 124 "GET /smscode/?mobile=18310820686&image_code=mfdn&uuid=65ace69a-e246-4b28-a6ba-0e80ebfe68a6 HTTP/1.1" 200 63
INFO 2020-01-12 16:07:19,371 basehttp 124 "POST /register/ HTTP/1.1" 302 0
INFO 2020-01-12 16:07:19,420 basehttp 124 "GET / HTTP/1.1" 200 11962
INFO 2020-01-12 16:11:23,448 basehttp 124 "GET /register/ HTTP/1.1" 200 5329
INFO 2020-01-12 16:11:24,095 basehttp 124 "GET /imagecode/?uuid=b2ee86ee-53ea-40c9-8f74-164d0373e8bc HTTP/1.1" 200 3335
INFO 2020-01-12 16:43:15,273 basehttp 124 "GET /register/ HTTP/1.1" 200 5329
INFO 2020-01-12 16:43:15,553 basehttp 124 "GET /imagecode/?uuid=e712ab88-4c16-4f9f-a8a2-31dea6f40a3c HTTP/1.1" 200 3598
INFO 2020-01-12 16:43:31,126 views 167 487190
INFO 2020-01-12 16:43:37,594 basehttp 124 "GET /smscode/?mobile=18310820685&image_code=pkzq&uuid=e712ab88-4c16-4f9f-a8a2-31dea6f40a3c HTTP/1.1" 200 63
INFO 2020-01-12 16:43:59,644 basehttp 124 "POST /register/ HTTP/1.1" 302 0
INFO 2020-01-12 16:43:59,671 basehttp 124 "GET / HTTP/1.1" 200 11962
INFO 2020-01-12 16:48:48,970 basehttp 124 "GET /register/ HTTP/1.1" 200 5329
INFO 2020-01-12 16:48:49,657 basehttp 124 "GET /imagecode/?uuid=7bb038dd-ba98-4089-8451-133550687841 HTTP/1.1" 200 2950
INFO 2020-01-12 16:49:15,233 views 173 098542
INFO 2020-01-12 16:49:18,733 basehttp 124 "GET /smscode/?mobile=18310820684&image_code=lvtn&uuid=7bb038dd-ba98-4089-8451-133550687841 HTTP/1.1" 200 63
INFO 2020-01-12 16:49:39,876 basehttp 124 "POST /register/ HTTP/1.1" 302 0
INFO 2020-01-12 16:49:39,904 basehttp 124 "GET / HTTP/1.1" 200 11962
INFO 2020-01-12 16:54:02,709 basehttp 124 "GET /static/write_blog.html HTTP/1.1" 200 5739
INFO 2020-01-12 16:54:02,781 basehttp 124 "GET /static/ckeditor/ckeditor-init.js HTTP/1.1" 200 2039
INFO 2020-01-12 16:54:02,790 basehttp 124 "GET /static/js/write_blog.js HTTP/1.1" 200 521
INFO 2020-01-12 16:54:02,811 basehttp 124 "GET /static/ckeditor/ckeditor/ckeditor.js HTTP/1.1" 200 690627
INFO 2020-01-12 16:54:02,991 basehttp 124 "GET /static/ckeditor/ckeditor/config.js?t=I3I8 HTTP/1.1" 200 338
INFO 2020-01-12 16:54:03,039 basehttp 124 "GET /static/ckeditor/ckeditor/skins/moono-lisa/editor.css?t=I3I8 HTTP/1.1" 200 46921
INFO 2020-01-12 16:54:03,041 basehttp 124 "GET /static/ckeditor/ckeditor/lang/zh-cn.js?t=I3I8 HTTP/1.1" 200 18818
INFO 2020-01-12 16:54:03,078 basehttp 124 "GET /static/ckeditor/ckeditor/styles.js?t=I3I8 HTTP/1.1" 200 5583
INFO 2020-01-12 16:54:03,159 basehttp 124 "GET /static/ckeditor/ckeditor/plugins/scayt/skins/moono-lisa/scayt.css HTTP/1.1" 200 381
INFO 2020-01-12 16:54:03,162 basehttp 124 "GET /static/ckeditor/ckeditor/plugins/scayt/dialogs/dialog.css HTTP/1.1" 200 419
INFO 2020-01-12 16:54:03,188 basehttp 124 "GET /static/ckeditor/ckeditor/plugins/wsc/skins/moono-lisa/wsc.css HTTP/1.1" 200 1306
INFO 2020-01-12 16:54:03,191 basehttp 124 "GET /static/ckeditor/ckeditor/plugins/tableselection/styles/tableselection.css HTTP/1.1" 200 1082
INFO 2020-01-12 16:54:03,217 basehttp 124 "GET /static/ckeditor/ckeditor/plugins/copyformatting/styles/copyformatting.css HTTP/1.1" 200 1513
INFO 2020-01-12 16:54:03,222 basehttp 124 "GET /static/ckeditor/ckeditor/skins/moono-lisa/icons.png?t=95e5d83 HTTP/1.1" 200 12421
INFO 2020-01-12 16:54:03,245 basehttp 124 "GET /static/ckeditor/ckeditor/contents.css?t=I3I8 HTTP/1.1" 200 2954
INFO 2020-01-12 16:54:05,994 basehttp 124 "GET / HTTP/1.1" 200 11962
WARNING 2020-01-12 16:54:09,731 log 228 Not Found: /login/
WARNING 2020-01-12 16:54:09,734 basehttp 124 "GET /login/ HTTP/1.1" 404 2635
INFO 2020-01-12 16:54:13,279 basehttp 124 "GET / HTTP/1.1" 200 11962
INFO 2020-01-12 17:33:49,147 basehttp 124 "GET /login/ HTTP/1.1" 200 3084
INFO 2020-01-12 17:33:49,214 basehttp 124 "GET /static/js/login.js HTTP/1.1" 200 677
INFO 2020-01-12 17:36:06,332 basehttp 124 "GET /login/ HTTP/1.1" 200 3074
INFO 2020-01-12 17:36:09,747 basehttp 124 "GET /register/ HTTP/1.1" 200 5319
INFO 2020-01-12 17:36:14,244 basehttp 124 "GET /login/ HTTP/1.1" 200 3074
WARNING 2020-01-12 17:51:40,141 log 228 Forbidden (CSRF token missing or incorrect.): /login/
WARNING 2020-01-12 17:51:40,144 basehttp 124 "POST /login/ HTTP/1.1" 403 2513
INFO 2020-01-12 17:52:17,123 basehttp 124 "GET /login/ HTTP/1.1" 200 3216
WARNING 2020-01-12 17:53:17,065 log 228 Bad Request: /login/
WARNING 2020-01-12 17:53:17,068 basehttp 124 "POST /login/ HTTP/1.1" 400 24
INFO 2020-01-12 17:54:52,742 basehttp 124 "GET /login/ HTTP/1.1" 200 3216
INFO 2020-01-12 17:56:35,733 basehttp 124 "GET /login/ HTTP/1.1" 200 3216
INFO 2020-01-12 17:57:43,340 basehttp 124 "GET /login/ HTTP/1.1" 200 3216
INFO 2020-01-12 18:00:30,358 basehttp 124 "GET /login/ HTTP/1.1" 200 3216
ERROR 2020-01-12 18:00:47,977 log 228 Internal Server Error: /login/
Traceback (most recent call last):
  File "C:\Users\Ricky\Envs\blog\lib\site-packages\django\core\handlers\exception.py", line 34, in inner
    response = get_response(request)
  File "C:\Users\Ricky\Envs\blog\lib\site-packages\django\core\handlers\base.py", line 126, in _get_response
    response = self.process_exception_by_middleware(e, request)
  File "C:\Users\Ricky\Envs\blog\lib\site-packages\django\core\handlers\base.py", line 124, in _get_response
    response = wrapped_callback(request, *callback_args, **callback_kwargs)
  File "C:\Users\Ricky\Envs\blog\lib\site-packages\django\views\generic\base.py", line 68, in view
    return self.dispatch(request, *args, **kwargs)
  File "C:\Users\Ricky\Envs\blog\lib\site-packages\django\views\generic\base.py", line 88, in dispatch
    return handler(request, *args, **kwargs)
  File "C:/Users/Ricky/Desktop/blog/blog\users\views.py", line 237, in post
    response.session.set_expiry(0)
AttributeError: 'HttpResponseRedirect' object has no attribute 'session'
ERROR 2020-01-12 18:00:47,982 basehttp 124 "POST /login/ HTTP/1.1" 500 82653
INFO 2020-01-12 18:04:11,742 basehttp 124 "GET / HTTP/1.1" 200 11962
INFO 2020-01-13 09:52:58,557 basehttp 124 "GET / HTTP/1.1" 200 11962
WARNING 2020-01-13 09:52:59,161 log 228 Not Found: /favicon.ico
WARNING 2020-01-13 09:52:59,163 basehttp 124 "GET /favicon.ico HTTP/1.1" 404 2650
INFO 2020-01-13 10:08:45,627 basehttp 124 "GET /login/ HTTP/1.1" 200 3084
WARNING 2020-01-13 10:10:38,105 log 228 Not Found: /login/register.html
WARNING 2020-01-13 10:10:38,107 basehttp 124 "GET /login/register.html HTTP/1.1" 404 2841
INFO 2020-01-13 10:11:08,738 basehttp 124 "GET /login/ HTTP/1.1" 200 3074
INFO 2020-01-13 10:11:15,722 basehttp 124 "GET /register/ HTTP/1.1" 200 5319
INFO 2020-01-13 10:11:15,999 basehttp 124 "GET /imagecode/?uuid=9612c211-f98c-4aa4-9076-e9dab8023fa1 HTTP/1.1" 200 3532
WARNING 2020-01-13 10:25:32,706 log 228 Forbidden (CSRF token missing or incorrect.): /login/
WARNING 2020-01-13 10:25:32,710 basehttp 124 "POST /login/ HTTP/1.1" 403 2513
INFO 2020-01-13 10:25:56,856 basehttp 124 "GET /login/ HTTP/1.1" 200 3216
WARNING 2020-01-13 10:26:46,186 log 228 Bad Request: /login/
WARNING 2020-01-13 10:26:46,190 basehttp 124 "POST /login/ HTTP/1.1" 400 24
INFO 2020-01-13 10:27:57,604 basehttp 124 "GET /login/ HTTP/1.1" 200 3216
INFO 2020-01-13 10:28:52,049 basehttp 124 "POST /login/ HTTP/1.1" 302 0
INFO 2020-01-13 10:28:52,076 basehttp 124 "GET / HTTP/1.1" 200 11952
INFO 2020-01-13 10:29:25,672 basehttp 124 "GET /login/ HTTP/1.1" 200 3216
INFO 2020-01-13 10:30:06,820 basehttp 124 "POST /login/ HTTP/1.1" 302 0
INFO 2020-01-13 10:30:06,858 basehttp 124 "GET / HTTP/1.1" 200 11952
INFO 2020-01-13 10:32:22,537 basehttp 124 "GET /login/ HTTP/1.1" 200 3216
INFO 2020-01-13 10:32:31,000 basehttp 124 "GET / HTTP/1.1" 200 11952
INFO 2020-01-13 10:41:31,808 basehttp 124 "GET / HTTP/1.1" 200 11929
INFO 2020-01-13 10:43:45,415 basehttp 124 "GET / HTTP/1.1" 200 11936
INFO 2020-01-13 10:46:13,346 basehttp 124 "GET / HTTP/1.1" 200 11936
INFO 2020-01-13 11:08:02,813 basehttp 124 "GET / HTTP/1.1" 200 11943
INFO 2020-01-13 11:08:23,551 basehttp 124 "GET /logout/ HTTP/1.1" 302 0
INFO 2020-01-13 11:08:23,581 basehttp 124 "GET / HTTP/1.1" 200 11943
INFO 2020-01-13 11:08:54,355 basehttp 124 "GET / HTTP/1.1" 200 11943
INFO 2020-01-13 11:08:57,445 basehttp 124 "GET / HTTP/1.1" 200 11943
INFO 2020-01-13 11:09:48,462 basehttp 124 "GET / HTTP/1.1" 200 11943
INFO 2020-01-13 11:09:50,119 basehttp 124 "GET / HTTP/1.1" 200 11943
INFO 2020-01-13 11:09:50,483 basehttp 124 "GET / HTTP/1.1" 200 11943
INFO 2020-01-13 11:09:50,899 basehttp 124 "GET / HTTP/1.1" 200 11943
INFO 2020-01-13 11:10:08,332 basehttp 124 "GET / HTTP/1.1" 200 11943
INFO 2020-01-13 11:10:08,986 basehttp 124 "GET / HTTP/1.1" 200 11943
INFO 2020-01-13 11:10:09,355 basehttp 124 "GET / HTTP/1.1" 200 11943
INFO 2020-01-13 11:11:18,525 basehttp 124 "GET / HTTP/1.1" 200 11943
INFO 2020-01-13 11:11:19,402 basehttp 124 "GET / HTTP/1.1" 200 11943
WARNING 2020-01-13 11:11:52,534 basehttp 124 "GET /static/js/axios.min.map HTTP/1.1" 404 1672
INFO 2020-01-13 11:11:52,713 basehttp 124 "GET /static/bootstrap/css/bootstrap.min.css.map HTTP/1.1" 200 562427
INFO 2020-01-13 11:11:58,336 basehttp 124 "GET / HTTP/1.1" 200 11943
INFO 2020-01-13 11:11:58,488 basehttp 124 "GET /static/common/common.css HTTP/1.1" 200 381
INFO 2020-01-13 11:11:58,500 basehttp 124 "GET /static/md_css/monokai.css HTTP/1.1" 200 4118
INFO 2020-01-13 11:11:58,533 basehttp 124 "GET /static/bootstrap/css/bootstrap.min.css HTTP/1.1" 200 140942
INFO 2020-01-13 11:11:58,549 basehttp 124 "GET /static/js/axios-0.18.0.min.js HTTP/1.1" 200 12941
INFO 2020-01-13 11:11:58,552 basehttp 124 "GET /static/common/jquery.pagination.css HTTP/1.1" 200 523
INFO 2020-01-13 11:11:58,587 basehttp 124 "GET /static/js/host.js HTTP/1.1" 200 35
INFO 2020-01-13 11:11:58,599 basehttp 124 "GET /static/js/jquery-1.12.4.min.js HTTP/1.1" 200 97163
INFO 2020-01-13 11:11:58,605 basehttp 124 "GET /static/js/vue-2.5.16.js HTTP/1.1" 200 289307
INFO 2020-01-13 11:11:58,665 basehttp 124 "GET /static/js/common.js HTTP/1.1" 200 891
INFO 2020-01-13 11:11:58,672 basehttp 124 "GET /static/img/1.jpg HTTP/1.1" 200 78682
INFO 2020-01-13 11:11:58,723 basehttp 124 "GET /static/js/index.js HTTP/1.1" 200 565
INFO 2020-01-13 11:11:58,735 basehttp 124 "GET /static/js/jquery.pagination.min.js HTTP/1.1" 200 2935
WARNING 2020-01-13 11:11:59,384 basehttp 124 "GET /static/js/axios.min.map HTTP/1.1" 404 1672
INFO 2020-01-13 11:11:59,425 basehttp 124 "GET /static/bootstrap/css/bootstrap.min.css.map HTTP/1.1" 200 562427
INFO 2020-01-13 11:15:17,471 basehttp 124 "GET / HTTP/1.1" 200 11943
INFO 2020-01-13 11:15:17,520 basehttp 124 "GET /static/js/index.js HTTP/1.1" 304 0
WARNING 2020-01-13 11:15:20,468 log 228 Not Found: /login.html
WARNING 2020-01-13 11:15:20,471 basehttp 124 "GET /login.html HTTP/1.1" 404 2983
INFO 2020-01-13 11:15:24,774 basehttp 124 "GET /login/ HTTP/1.1" 200 3216
INFO 2020-01-13 11:15:38,053 basehttp 124 "POST /login/ HTTP/1.1" 302 0
INFO 2020-01-13 11:15:38,116 basehttp 124 "GET / HTTP/1.1" 200 11943
INFO 2020-01-13 11:15:38,290 basehttp 124 "GET /static/js/index.js HTTP/1.1" 304 0
INFO 2020-01-13 11:15:41,219 basehttp 124 "GET /logout/ HTTP/1.1" 302 0
INFO 2020-01-13 11:15:41,253 basehttp 124 "GET / HTTP/1.1" 200 11943
INFO 2020-01-13 11:19:06,560 basehttp 124 "GET / HTTP/1.1" 200 11952
INFO 2020-01-13 11:19:06,631 basehttp 124 "GET /static/js/index.js HTTP/1.1" 200 530
INFO 2020-01-13 11:19:07,474 basehttp 124 "GET / HTTP/1.1" 200 11952
INFO 2020-01-13 11:19:07,649 basehttp 124 "GET / HTTP/1.1" 200 11952
WARNING 2020-01-13 11:19:24,768 log 228 Not Found: /login.html
WARNING 2020-01-13 11:19:24,771 basehttp 124 "GET /login.html HTTP/1.1" 404 2814
INFO 2020-01-13 11:19:45,210 basehttp 124 "GET /login/ HTTP/1.1" 200 3216
INFO 2020-01-13 11:19:51,856 basehttp 124 "POST /login/ HTTP/1.1" 302 0
INFO 2020-01-13 11:19:51,874 basehttp 124 "GET / HTTP/1.1" 200 11952
INFO 2020-01-13 11:19:51,958 basehttp 124 "GET /static/js/index.js HTTP/1.1" 304 0
INFO 2020-01-13 11:20:06,359 basehttp 124 "GET / HTTP/1.1" 200 11959
INFO 2020-01-13 11:20:07,289 basehttp 124 "GET / HTTP/1.1" 200 11959
INFO 2020-01-13 11:35:50,972 basehttp 124 "GET / HTTP/1.1" 200 11931
INFO 2020-01-13 11:35:51,047 basehttp 124 "GET /static/js/index.js HTTP/1.1" 304 0
INFO 2020-01-13 11:36:25,211 basehttp 124 "GET / HTTP/1.1" 200 11931
INFO 2020-01-13 11:36:49,911 basehttp 124 "GET /logout/ HTTP/1.1" 302 0
INFO 2020-01-13 11:36:49,986 basehttp 124 "GET / HTTP/1.1" 200 11931
INFO 2020-01-13 11:37:13,401 basehttp 124 "GET / HTTP/1.1" 200 11931
INFO 2020-01-13 11:39:17,563 basehttp 124 "GET /login/ HTTP/1.1" 200 3216
INFO 2020-01-13 11:39:18,726 basehttp 124 "GET /static/forget_password.html HTTP/1.1" 200 5277
INFO 2020-01-13 11:39:18,790 basehttp 124 "GET /static/img/image_code.png HTTP/1.1" 200 3483
INFO 2020-01-13 11:39:18,806 basehttp 124 "GET /static/js/forget_password.js HTTP/1.1" 200 6567
INFO 2020-01-13 11:56:06,251 basehttp 124 "GET /forgetpassword/ HTTP/1.1" 200 5214
INFO 2020-01-13 11:59:07,712 basehttp 124 "GET /forgetpassword/ HTTP/1.1" 200 5182
INFO 2020-01-13 11:59:07,998 basehttp 124 "GET /imagecode/?uuid=7722ff70-05e3-4b4a-84f4-75901d37cc1b HTTP/1.1" 200 3282
INFO 2020-01-13 11:59:09,757 basehttp 124 "GET /imagecode/?uuid=7ee499a5-17ef-4912-ae8b-d62fea05508c HTTP/1.1" 200 3463
INFO 2020-01-13 11:59:12,909 basehttp 124 "GET /imagecode/?uuid=d9f50bcc-89fd-4898-a1c3-0225a8d33cfb HTTP/1.1" 200 3047
INFO 2020-01-13 11:59:21,745 basehttp 124 "GET /login/ HTTP/1.1" 200 3206
WARNING 2020-01-13 11:59:26,154 log 228 Not Found: /login/forget_password.html
WARNING 2020-01-13 11:59:26,157 basehttp 124 "GET /login/forget_password.html HTTP/1.1" 404 3216
INFO 2020-01-13 12:00:02,963 basehttp 124 "GET /login/ HTTP/1.1" 200 3202
INFO 2020-01-13 12:00:06,168 basehttp 124 "GET /forgetpassword/ HTTP/1.1" 200 5182
INFO 2020-01-13 12:00:06,398 basehttp 124 "GET /imagecode/?uuid=ffe3a4eb-8d9a-4a10-a55f-d52eb196166a HTTP/1.1" 200 2922
INFO 2020-01-13 15:02:04,370 basehttp 124 "GET / HTTP/1.1" 200 11931
INFO 2020-01-13 15:02:04,522 basehttp 124 "GET /static/js/index.js HTTP/1.1" 304 0
WARNING 2020-01-13 15:02:05,124 log 228 Not Found: /favicon.ico
WARNING 2020-01-13 15:02:05,127 basehttp 124 "GET /favicon.ico HTTP/1.1" 404 3171
INFO 2020-01-13 15:02:42,171 basehttp 124 "GET /forgetpassword/ HTTP/1.1" 200 5182
INFO 2020-01-13 15:02:42,540 basehttp 124 "GET /imagecode/?uuid=0235d7a0-790d-4056-a263-8b1935cbf24c HTTP/1.1" 200 3481
INFO 2020-01-13 15:17:35,636 basehttp 124 "GET /forgetpassword/ HTTP/1.1" 200 5182
INFO 2020-01-13 15:17:35,813 basehttp 124 "GET /imagecode/?uuid=d28206f9-30af-4b4b-a9c0-8698e8a0b7c6 HTTP/1.1" 200 3308
INFO 2020-01-13 15:31:32,821 basehttp 124 "GET /forgetpassword/ HTTP/1.1" 200 5182
INFO 2020-01-13 15:31:33,136 basehttp 124 "GET /imagecode/?uuid=eed97b9d-805b-4da7-9a19-999284c9b05f HTTP/1.1" 200 3242
INFO 2020-01-13 15:31:49,745 basehttp 124 "GET /imagecode/?uuid=f382a486-f45a-45c7-8f16-8f789daea20d HTTP/1.1" 200 3149
INFO 2020-01-13 15:31:54,057 views 173 253148
INFO 2020-01-13 15:31:57,215 basehttp 124 "GET /smscode/?mobile=18310820688&image_code=quyp&uuid=f382a486-f45a-45c7-8f16-8f789daea20d HTTP/1.1" 200 63
WARNING 2020-01-13 15:32:10,579 log 228 Forbidden (CSRF token missing or incorrect.): /forgetpassword/
WARNING 2020-01-13 15:32:10,582 basehttp 124 "POST /forgetpassword/ HTTP/1.1" 403 2513
INFO 2020-01-13 15:32:36,241 basehttp 124 "GET /forgetpassword/ HTTP/1.1" 200 5324
INFO 2020-01-13 15:32:36,461 basehttp 124 "GET /imagecode/?uuid=8d43ee10-afc3-4691-984f-d6ce0ffa8467 HTTP/1.1" 200 3218
INFO 2020-01-13 15:32:46,712 views 173 907009
INFO 2020-01-13 15:32:52,153 basehttp 124 "GET /smscode/?mobile=18310820688&image_code=fczv&uuid=8d43ee10-afc3-4691-984f-d6ce0ffa8467 HTTP/1.1" 200 63
INFO 2020-01-13 15:33:37,434 basehttp 124 "POST /forgetpassword/ HTTP/1.1" 302 0
INFO 2020-01-13 15:33:37,488 basehttp 124 "GET /login/ HTTP/1.1" 200 3202
INFO 2020-01-13 15:33:47,683 basehttp 124 "POST /login/ HTTP/1.1" 302 0
INFO 2020-01-13 15:33:47,726 basehttp 124 "GET / HTTP/1.1" 200 11931
INFO 2020-01-13 15:33:47,817 basehttp 124 "GET /static/js/index.js HTTP/1.1" 304 0
INFO 2020-01-13 15:38:16,873 basehttp 124 "GET /static/center.html HTTP/1.1" 200 4162
INFO 2020-01-13 15:38:16,931 basehttp 124 "GET /static/js/center.js HTTP/1.1" 200 522
INFO 2020-01-13 15:38:16,937 basehttp 124 "GET /static/img/mei.png HTTP/1.1" 200 230847
WARNING 2020-01-13 15:45:40,780 log 228 Not Found: /templates/index.html
WARNING 2020-01-13 15:45:40,783 basehttp 124 "GET /templates/index.html HTTP/1.1" 404 3198
INFO 2020-01-13 15:45:44,220 basehttp 124 "GET / HTTP/1.1" 200 11931
INFO 2020-01-14 10:49:52,080 basehttp 124 "GET / HTTP/1.1" 200 11931
INFO 2020-01-14 10:49:52,159 basehttp 124 "GET /static/js/index.js HTTP/1.1" 304 0
WARNING 2020-01-14 10:49:53,613 log 228 Not Found: /favicon.ico
WARNING 2020-01-14 10:49:53,616 basehttp 124 "GET /favicon.ico HTTP/1.1" 404 3171
INFO 2020-01-14 10:49:56,429 basehttp 124 "GET /login/ HTTP/1.1" 200 3202
ERROR 2020-01-14 10:50:03,619 log 228 Internal Server Error: /login/
Traceback (most recent call last):
  File "C:\Users\Ricky\Envs\blog\lib\site-packages\django_redis\cache.py", line 32, in _decorator
    return method(self, *args, **kwargs)
  File "C:\Users\Ricky\Envs\blog\lib\site-packages\django_redis\cache.py", line 124, in has_key
    return self.client.has_key(*args, **kwargs)
  File "C:\Users\Ricky\Envs\blog\lib\site-packages\django_redis\client\default.py", line 478, in has_key
    raise ConnectionInterrupted(connection=client, parent=e)
django_redis.exceptions.ConnectionInterrupted: Redis ConnectionError: Error 10061 connecting to 127.0.0.1:6379. 由于目标计算机积极拒绝，无法连接。.

During handling of the above exception, another exception occurred:

Traceback (most recent call last):
  File "C:\Users\Ricky\Envs\blog\lib\site-packages\django\core\handlers\exception.py", line 34, in inner
    response = get_response(request)
  File "C:\Users\Ricky\Envs\blog\lib\site-packages\django\core\handlers\base.py", line 126, in _get_response
    response = self.process_exception_by_middleware(e, request)
  File "C:\Users\Ricky\Envs\blog\lib\site-packages\django\core\handlers\base.py", line 124, in _get_response
    response = wrapped_callback(request, *callback_args, **callback_kwargs)
  File "C:\Users\Ricky\Envs\blog\lib\site-packages\django\views\generic\base.py", line 68, in view
    return self.dispatch(request, *args, **kwargs)
  File "C:\Users\Ricky\Envs\blog\lib\site-packages\django\views\generic\base.py", line 88, in dispatch
    return handler(request, *args, **kwargs)
  File "C:/Users/Ricky/Desktop/blog/blog\users\views.py", line 229, in post
    login(request,user)
  File "C:\Users\Ricky\Envs\blog\lib\site-packages\django\contrib\auth\__init__.py", line 108, in login
    request.session.cycle_key()
  File "C:\Users\Ricky\Envs\blog\lib\site-packages\django\contrib\sessions\backends\base.py", line 298, in cycle_key
    self.create()
  File "C:\Users\Ricky\Envs\blog\lib\site-packages\django\contrib\sessions\backends\cache.py", line 43, in create
    self._session_key = self._get_new_session_key()
  File "C:\Users\Ricky\Envs\blog\lib\site-packages\django\contrib\sessions\backends\base.py", line 153, in _get_new_session_key
    if not self.exists(session_key):
  File "C:\Users\Ricky\Envs\blog\lib\site-packages\django\contrib\sessions\backends\cache.py", line 70, in exists
    return bool(session_key) and (self.cache_key_prefix + session_key) in self._cache
  File "C:\Users\Ricky\Envs\blog\lib\site-packages\django\core\cache\backends\base.py", line 208, in __contains__
    return self.has_key(key)
  File "C:\Users\Ricky\Envs\blog\lib\site-packages\django_redis\cache.py", line 39, in _decorator
    raise e.parent
  File "C:\Users\Ricky\Envs\blog\lib\site-packages\django_redis\client\default.py", line 476, in has_key
    return client.exists(key) == 1
  File "C:\Users\Ricky\Envs\blog\lib\site-packages\redis\client.py", line 1307, in exists
    return self.execute_command('EXISTS', *names)
  File "C:\Users\Ricky\Envs\blog\lib\site-packages\redis\client.py", line 836, in execute_command
    conn = self.connection or pool.get_connection(command_name, **options)
  File "C:\Users\Ricky\Envs\blog\lib\site-packages\redis\connection.py", line 1073, in get_connection
    connection.connect()
  File "C:\Users\Ricky\Envs\blog\lib\site-packages\redis\connection.py", line 544, in connect
    raise ConnectionError(self._error_message(e))
redis.exceptions.ConnectionError: Error 10061 connecting to 127.0.0.1:6379. 由于目标计算机积极拒绝，无法连接。.
ERROR 2020-01-14 10:50:03,648 basehttp 124 "POST /login/ HTTP/1.1" 500 142611
INFO 2020-01-14 10:50:14,887 basehttp 124 "POST /login/ HTTP/1.1" 302 0
INFO 2020-01-14 10:50:14,932 basehttp 124 "GET / HTTP/1.1" 200 11931
INFO 2020-01-14 11:10:57,231 basehttp 124 "GET /center/ HTTP/1.1" 200 4116
INFO 2020-01-14 11:13:50,411 basehttp 124 "GET /center/ HTTP/1.1" 200 4106
INFO 2020-01-14 11:14:42,804 basehttp 124 "GET / HTTP/1.1" 200 11918
INFO 2020-01-14 11:14:49,040 basehttp 124 "GET /center/ HTTP/1.1" 200 4106
INFO 2020-01-14 11:24:43,482 basehttp 124 "GET /center/ HTTP/1.1" 200 4106
INFO 2020-01-14 11:26:33,102 basehttp 124 "GET /logout/ HTTP/1.1" 302 0
INFO 2020-01-14 11:26:33,130 basehttp 124 "GET / HTTP/1.1" 200 11918
INFO 2020-01-14 11:26:39,556 basehttp 124 "GET /center/ HTTP/1.1" 200 4106
INFO 2020-01-14 11:29:23,617 basehttp 124 "GET /center/ HTTP/1.1" 302 0
WARNING 2020-01-14 11:29:23,674 log 228 Not Found: /accounts/login/
WARNING 2020-01-14 11:29:23,677 basehttp 124 "GET /accounts/login/?next=/center/ HTTP/1.1" 404 3366
INFO 2020-01-14 11:31:20,318 basehttp 124 "GET /center/ HTTP/1.1" 302 0
INFO 2020-01-14 11:31:20,394 basehttp 124 "GET /login/?next=/center/ HTTP/1.1" 200 3202
INFO 2020-01-14 11:31:45,267 basehttp 124 "POST /login/?next=/center/ HTTP/1.1" 302 0
INFO 2020-01-14 11:31:45,305 basehttp 124 "GET / HTTP/1.1" 200 11918
INFO 2020-01-14 11:31:54,274 basehttp 124 "GET /center/ HTTP/1.1" 200 4106
INFO 2020-01-14 11:32:03,414 basehttp 124 "GET /logout/ HTTP/1.1" 302 0
INFO 2020-01-14 11:32:03,452 basehttp 124 "GET / HTTP/1.1" 200 11918
INFO 2020-01-14 11:32:07,401 basehttp 124 "GET /center/ HTTP/1.1" 302 0
INFO 2020-01-14 11:32:07,431 basehttp 124 "GET /login/?next=/center/ HTTP/1.1" 200 3202
INFO 2020-01-14 11:32:09,515 basehttp 124 "GET /login/?next=/center/ HTTP/1.1" 200 3202
INFO 2020-01-14 11:34:16,644 basehttp 124 "POST /login/?next=/center/ HTTP/1.1" 302 0
INFO 2020-01-14 11:34:16,724 basehttp 124 "GET /center/ HTTP/1.1" 200 4106
INFO 2020-01-14 12:10:26,531 basehttp 124 "GET /center/ HTTP/1.1" 200 4172
INFO 2020-01-14 16:13:09,484 basehttp 124 "GET / HTTP/1.1" 200 11918
INFO 2020-01-14 16:13:09,545 basehttp 124 "GET /static/js/index.js HTTP/1.1" 304 0
WARNING 2020-01-14 16:13:11,098 log 228 Not Found: /favicon.ico
WARNING 2020-01-14 16:13:11,100 basehttp 124 "GET /favicon.ico HTTP/1.1" 404 3340
INFO 2020-01-14 16:13:14,331 basehttp 124 "GET /login/ HTTP/1.1" 200 3202
INFO 2020-01-14 16:13:20,591 basehttp 124 "POST /login/ HTTP/1.1" 302 0
INFO 2020-01-14 16:13:20,629 basehttp 124 "GET / HTTP/1.1" 200 11918
INFO 2020-01-14 16:13:40,542 basehttp 124 "GET /center/ HTTP/1.1" 200 4172
INFO 2020-01-15 10:15:14,915 basehttp 124 "GET / HTTP/1.1" 200 11918
INFO 2020-01-15 10:15:15,162 basehttp 124 "GET /static/js/index.js HTTP/1.1" 304 0
WARNING 2020-01-15 10:15:15,626 log 228 Not Found: /favicon.ico
WARNING 2020-01-15 10:15:15,629 basehttp 124 "GET /favicon.ico HTTP/1.1" 404 3340
INFO 2020-01-15 10:15:35,934 basehttp 124 "GET /center/ HTTP/1.1" 200 4172
WARNING 2020-01-15 11:11:31,500 log 228 Forbidden (CSRF token missing or incorrect.): /center/
WARNING 2020-01-15 11:11:31,507 basehttp 124 "POST /center/ HTTP/1.1" 403 2513
INFO 2020-01-15 11:12:01,715 basehttp 124 "GET /center/ HTTP/1.1" 200 4310
INFO 2020-01-15 11:13:07,677 basehttp 124 "POST /center/ HTTP/1.1" 302 0
INFO 2020-01-15 11:13:07,776 basehttp 124 "GET /center/ HTTP/1.1" 200 4371
WARNING 2020-01-15 11:13:07,932 log 228 Not Found: /center/avatar/20200115/python.png
WARNING 2020-01-15 11:13:07,939 basehttp 124 "GET /center/avatar/20200115/python.png HTTP/1.1" 404 3406
WARNING 2020-01-15 11:15:05,571 log 228 Not Found: /center/avatar/20200115/python.png
WARNING 2020-01-15 11:15:05,574 basehttp 124 "GET /center/avatar/20200115/python.png HTTP/1.1" 404 3406
INFO 2020-01-15 11:18:30,824 basehttp 124 "GET /center/ HTTP/1.1" 200 4378
INFO 2020-01-15 11:18:30,884 basehttp 124 "GET /media/avatar/20200115/python.png HTTP/1.1" 200 330734
INFO 2020-01-15 11:24:09,079 basehttp 124 "GET /static/write_blog.html HTTP/1.1" 200 5761
WARNING 2020-01-15 11:26:54,712 log 228 Not Found: /templates/index.html
WARNING 2020-01-15 11:26:54,714 basehttp 124 "GET /templates/index.html HTTP/1.1" 404 3494
INFO 2020-01-15 11:26:57,807 basehttp 124 "GET / HTTP/1.1" 200 11918
INFO 2020-01-15 11:27:06,376 basehttp 124 "GET / HTTP/1.1" 200 11918
INFO 2020-01-15 11:32:04,090 basehttp 124 "GET /writeblog HTTP/1.1" 301 0
INFO 2020-01-15 11:32:04,167 basehttp 124 "GET /writeblog/ HTTP/1.1" 200 5682
WARNING 2020-01-15 11:32:04,456 log 228 Not Found: /writeblog/ckeditor/ckeditor/config.js
WARNING 2020-01-15 11:32:04,459 basehttp 124 "GET /writeblog/ckeditor/ckeditor/config.js?t=I3I8 HTTP/1.1" 404 3727
WARNING 2020-01-15 11:32:04,522 log 228 Not Found: /writeblog/ckeditor/ckeditor/skins/moono-lisa/editor.css
WARNING 2020-01-15 11:32:04,558 log 228 Not Found: /writeblog/ckeditor/ckeditor/lang/zh-cn.js
WARNING 2020-01-15 11:32:04,559 basehttp 124 "GET /writeblog/ckeditor/ckeditor/skins/moono-lisa/editor.css?t=I3I8 HTTP/1.1" 404 3781
WARNING 2020-01-15 11:32:04,569 basehttp 124 "GET /writeblog/ckeditor/ckeditor/lang/zh-cn.js?t=I3I8 HTTP/1.1" 404 3739
INFO 2020-01-15 11:35:56,171 basehttp 124 "GET /writeblog/ HTTP/1.1" 200 5661
WARNING 2020-01-15 11:35:56,479 log 228 Not Found: /writeblog/ckeditor/ckeditor/config.js
WARNING 2020-01-15 11:35:56,482 basehttp 124 "GET /writeblog/ckeditor/ckeditor/config.js?t=I3I8 HTTP/1.1" 404 3727
WARNING 2020-01-15 11:35:56,569 log 228 Not Found: /writeblog/ckeditor/ckeditor/skins/moono-lisa/editor.css
WARNING 2020-01-15 11:35:56,587 basehttp 124 "GET /writeblog/ckeditor/ckeditor/skins/moono-lisa/editor.css?t=I3I8 HTTP/1.1" 404 3781
WARNING 2020-01-15 11:35:56,815 log 228 Not Found: /writeblog/ckeditor/ckeditor/lang/zh-cn.js
WARNING 2020-01-15 11:35:56,826 basehttp 124 "GET /writeblog/ckeditor/ckeditor/lang/zh-cn.js?t=I3I8 HTTP/1.1" 404 3739
INFO 2020-01-15 11:36:41,529 basehttp 124 "GET /writeblog/ HTTP/1.1" 200 5669
INFO 2020-01-15 11:37:42,563 basehttp 124 "GET / HTTP/1.1" 200 11904
INFO 2020-01-15 11:37:45,865 basehttp 124 "GET /writeblog/ HTTP/1.1" 200 5669
INFO 2020-01-15 12:21:20,538 basehttp 124 "GET /admin HTTP/1.1" 301 0
INFO 2020-01-15 12:21:21,116 basehttp 124 "GET /admin/ HTTP/1.1" 302 0
INFO 2020-01-15 12:21:21,439 basehttp 124 "GET /admin/login/?next=/admin/ HTTP/1.1" 200 1975
INFO 2020-01-15 12:21:21,575 basehttp 124 "GET /static/admin/css/base.css HTTP/1.1" 200 16225
INFO 2020-01-15 12:21:21,578 basehttp 124 "GET /static/admin/css/login.css HTTP/1.1" 200 1203
INFO 2020-01-15 12:21:21,583 basehttp 124 "GET /static/admin/css/responsive.css HTTP/1.1" 200 17976
INFO 2020-01-15 12:21:21,627 basehttp 124 "GET /static/admin/css/fonts.css HTTP/1.1" 200 423
INFO 2020-01-15 12:21:21,844 basehttp 124 "GET /static/admin/fonts/Roboto-Light-webfont.woff HTTP/1.1" 200 81348
INFO 2020-01-15 12:21:21,849 basehttp 124 "GET /static/admin/fonts/Roboto-Bold-webfont.woff HTTP/1.1" 200 82564
INFO 2020-01-15 12:21:21,857 basehttp 124 "GET /static/admin/fonts/Roboto-Regular-webfont.woff HTTP/1.1" 200 80304
INFO 2020-01-15 12:23:24,522 basehttp 124 "GET /admin/login/?next=/admin/ HTTP/1.1" 200 1963
INFO 2020-01-15 12:26:58,479 basehttp 124 "POST /admin/login/?next=/admin/ HTTP/1.1" 302 0
INFO 2020-01-15 12:26:59,049 basehttp 124 "GET /admin/ HTTP/1.1" 200 2587
INFO 2020-01-15 12:26:59,120 basehttp 124 "GET /static/admin/css/dashboard.css HTTP/1.1" 200 412
INFO 2020-01-15 12:26:59,186 basehttp 124 "GET /static/admin/img/icon-addlink.svg HTTP/1.1" 200 331
INFO 2020-01-15 12:26:59,191 basehttp 124 "GET /static/admin/img/icon-changelink.svg HTTP/1.1" 200 380
INFO 2020-01-15 12:27:15,380 basehttp 124 "GET /admin/ HTTP/1.1" 200 2587
INFO 2020-01-15 12:28:14,176 basehttp 124 "GET /admin/ HTTP/1.1" 200 3296
INFO 2020-01-15 12:28:36,606 basehttp 124 "GET /admin/home/articlecategory/ HTTP/1.1" 200 3221
INFO 2020-01-15 12:28:36,675 basehttp 124 "GET /static/admin/css/changelists.css HTTP/1.1" 200 6170
INFO 2020-01-15 12:28:36,789 basehttp 124 "GET /static/admin/js/jquery.init.js HTTP/1.1" 200 363
INFO 2020-01-15 12:28:36,811 basehttp 124 "GET /static/admin/js/admin/RelatedObjectLookups.js HTTP/1.1" 200 6918
INFO 2020-01-15 12:28:36,824 basehttp 124 "GET /static/admin/js/core.js HTTP/1.1" 200 7134
INFO 2020-01-15 12:28:36,831 basehttp 124 "GET /static/admin/js/urlify.js HTTP/1.1" 200 8972
INFO 2020-01-15 12:28:36,886 basehttp 124 "GET /static/admin/js/prepopulate.js HTTP/1.1" 200 1530
INFO 2020-01-15 12:28:36,909 basehttp 124 "GET /static/admin/js/vendor/xregexp/xregexp.js HTTP/1.1" 200 128820
INFO 2020-01-15 12:28:36,916 basehttp 124 "GET /static/admin/js/actions.js HTTP/1.1" 200 6538
INFO 2020-01-15 12:28:36,923 basehttp 124 "GET /static/admin/js/vendor/jquery/jquery.js HTTP/1.1" 200 271751
INFO 2020-01-15 12:28:36,977 basehttp 124 "GET /admin/jsi18n/ HTTP/1.1" 200 7684
INFO 2020-01-15 12:28:37,077 basehttp 124 "GET /static/admin/img/tooltag-add.svg HTTP/1.1" 200 331
INFO 2020-01-15 12:28:49,760 basehttp 124 "GET /admin/home/articlecategory/add/ HTTP/1.1" 200 5038
INFO 2020-01-15 12:28:49,876 basehttp 124 "GET /static/admin/css/forms.css HTTP/1.1" 200 8505
INFO 2020-01-15 12:28:49,904 basehttp 124 "GET /static/admin/js/calendar.js HTTP/1.1" 200 7777
INFO 2020-01-15 12:28:49,940 basehttp 124 "GET /static/admin/js/admin/DateTimeShortcuts.js HTTP/1.1" 200 20281
INFO 2020-01-15 12:28:49,951 basehttp 124 "GET /static/admin/js/change_form.js HTTP/1.1" 200 712
INFO 2020-01-15 12:28:49,962 basehttp 124 "GET /static/admin/js/prepopulate_init.js HTTP/1.1" 200 495
INFO 2020-01-15 12:28:49,972 basehttp 124 "GET /static/admin/css/widgets.css HTTP/1.1" 200 10340
INFO 2020-01-15 12:28:50,014 basehttp 124 "GET /admin/jsi18n/ HTTP/1.1" 200 7684
INFO 2020-01-15 12:28:50,267 basehttp 124 "GET /static/admin/img/icon-calendar.svg HTTP/1.1" 200 1086
INFO 2020-01-15 12:28:50,271 basehttp 124 "GET /static/admin/img/icon-clock.svg HTTP/1.1" 200 677
INFO 2020-01-15 12:29:08,085 basehttp 124 "POST /admin/home/articlecategory/add/ HTTP/1.1" 302 0
INFO 2020-01-15 12:29:08,376 basehttp 124 "GET /admin/home/articlecategory/add/ HTTP/1.1" 200 5273
INFO 2020-01-15 12:29:08,488 basehttp 124 "GET /admin/jsi18n/ HTTP/1.1" 200 7684
INFO 2020-01-15 12:29:08,579 basehttp 124 "GET /static/admin/img/icon-yes.svg HTTP/1.1" 200 436
INFO 2020-01-15 12:29:13,960 basehttp 124 "POST /admin/home/articlecategory/add/ HTTP/1.1" 302 0
INFO 2020-01-15 12:29:14,273 basehttp 124 "GET /admin/home/articlecategory/add/ HTTP/1.1" 200 5271
INFO 2020-01-15 12:29:14,390 basehttp 124 "GET /admin/jsi18n/ HTTP/1.1" 200 7684
INFO 2020-01-15 12:29:20,805 basehttp 124 "POST /admin/home/articlecategory/add/ HTTP/1.1" 302 0
INFO 2020-01-15 12:29:21,136 basehttp 124 "GET /admin/home/articlecategory/add/ HTTP/1.1" 200 5271
INFO 2020-01-15 12:29:21,279 basehttp 124 "GET /admin/jsi18n/ HTTP/1.1" 200 7684
INFO 2020-01-15 12:29:27,441 basehttp 124 "POST /admin/home/articlecategory/add/ HTTP/1.1" 302 0
INFO 2020-01-15 12:29:27,775 basehttp 124 "GET /admin/home/articlecategory/add/ HTTP/1.1" 200 5273
INFO 2020-01-15 12:29:27,938 basehttp 124 "GET /admin/jsi18n/ HTTP/1.1" 200 7684
INFO 2020-01-15 12:29:32,708 basehttp 124 "POST /admin/home/articlecategory/add/ HTTP/1.1" 302 0
INFO 2020-01-15 12:29:33,033 basehttp 124 "GET /admin/home/articlecategory/add/ HTTP/1.1" 200 5270
INFO 2020-01-15 12:29:33,170 basehttp 124 "GET /admin/jsi18n/ HTTP/1.1" 200 7684
INFO 2020-01-15 12:29:37,840 basehttp 124 "POST /admin/home/articlecategory/add/ HTTP/1.1" 302 0
INFO 2020-01-15 12:29:38,167 basehttp 124 "GET /admin/home/articlecategory/add/ HTTP/1.1" 200 5269
INFO 2020-01-15 12:29:38,308 basehttp 124 "GET /admin/jsi18n/ HTTP/1.1" 200 7684
INFO 2020-01-15 12:29:45,015 basehttp 124 "POST /admin/home/articlecategory/add/ HTTP/1.1" 302 0
INFO 2020-01-15 12:29:45,435 basehttp 124 "GET /admin/home/articlecategory/ HTTP/1.1" 200 5931
INFO 2020-01-15 12:29:45,547 basehttp 124 "GET /admin/jsi18n/ HTTP/1.1" 200 7684
INFO 2020-01-15 16:21:09,365 basehttp 124 "GET /writeblog/ HTTP/1.1" 200 5669
INFO 2020-01-15 16:21:10,778 basehttp 124 "GET /writeblog/ HTTP/1.1" 200 5669
INFO 2020-01-15 16:28:29,719 basehttp 124 "GET /writeblog/ HTTP/1.1" 200 5994
INFO 2020-01-15 17:26:58,150 basehttp 124 "GET /writeblog/ HTTP/1.1" 200 6132
INFO 2020-01-15 17:27:48,488 basehttp 124 "GET /static/ckeditor/ckeditor/plugins/link/dialogs/link.js?t=I3I8 HTTP/1.1" 200 12386
INFO 2020-01-15 17:27:48,502 basehttp 124 "GET /static/ckeditor/ckeditor/skins/moono-lisa/dialog.css?t=I3I8 HTTP/1.1" 200 13570
INFO 2020-01-15 17:27:48,584 basehttp 124 "GET /static/ckeditor/ckeditor/skins/moono-lisa/images/close.png HTTP/1.1" 200 615
INFO 2020-01-15 17:28:32,583 basehttp 124 "POST /writeblog/ HTTP/1.1" 302 0
INFO 2020-01-15 17:28:32,630 basehttp 124 "GET / HTTP/1.1" 200 11904
INFO 2020-01-15 17:28:32,767 basehttp 124 "GET /static/js/index.js HTTP/1.1" 304 0
INFO 2020-01-16 16:49:12,529 basehttp 124 "GET / HTTP/1.1" 200 11904
INFO 2020-01-16 16:49:12,608 basehttp 124 "GET /static/js/index.js HTTP/1.1" 304 0
WARNING 2020-01-16 16:49:12,940 log 228 Not Found: /favicon.ico
WARNING 2020-01-16 16:49:12,943 basehttp 124 "GET /favicon.ico HTTP/1.1" 404 3642
INFO 2020-01-16 17:25:38,460 basehttp 124 "GET / HTTP/1.1" 200 13063
INFO 2020-01-16 17:25:50,719 basehttp 124 "GET /?cat_id=7 HTTP/1.1" 200 13063
INFO 2020-01-16 17:25:56,758 basehttp 124 "GET /?cat_id=6 HTTP/1.1" 200 13063
INFO 2020-01-16 17:25:59,015 basehttp 124 "GET /?cat_id=3 HTTP/1.1" 200 13063
INFO 2020-01-16 17:26:00,395 basehttp 124 "GET /?cat_id=1 HTTP/1.1" 200 13063
INFO 2020-01-16 17:26:02,565 basehttp 124 "GET /?cat_id=2 HTTP/1.1" 200 13063
INFO 2020-01-16 17:26:03,536 basehttp 124 "GET /?cat_id=3 HTTP/1.1" 200 13063
INFO 2020-01-16 17:26:08,022 basehttp 124 "GET /?cat_id=2 HTTP/1.1" 200 13063
INFO 2020-01-16 17:26:10,893 basehttp 124 "GET /?cat_id=1 HTTP/1.1" 200 13063
WARNING 2020-01-16 18:22:55,399 log 228 Not Found: /
WARNING 2020-01-16 18:22:55,402 basehttp 124 "GET /?cat_id=1 HTTP/1.1" 404 10
WARNING 2020-01-16 18:25:59,488 log 228 Not Found: /
WARNING 2020-01-16 18:25:59,496 basehttp 124 "GET /?cat_id=1 HTTP/1.1" 404 10
INFO 2020-01-16 18:26:58,088 basehttp 124 "GET /?cat_id=1 HTTP/1.1" 200 6826
INFO 2020-01-16 18:26:58,215 basehttp 124 "GET /media/article/20200115/python.png HTTP/1.1" 200 330734
INFO 2020-01-16 18:27:25,002 basehttp 124 "GET /?cat_id=1 HTTP/1.1" 200 6842
INFO 2020-01-17 09:26:10,643 basehttp 124 "GET / HTTP/1.1" 200 12973
INFO 2020-01-17 09:26:10,849 basehttp 124 "GET /static/common/common.css HTTP/1.1" 304 0
INFO 2020-01-17 09:26:10,908 basehttp 124 "GET /static/js/index.js HTTP/1.1" 304 0
WARNING 2020-01-17 09:26:11,381 log 228 Not Found: /favicon.ico
WARNING 2020-01-17 09:26:11,383 basehttp 124 "GET /favicon.ico HTTP/1.1" 404 3642
INFO 2020-01-17 13:51:33,276 basehttp 124 "GET / HTTP/1.1" 200 12973
INFO 2020-01-17 14:18:39,777 basehttp 124 "GET / HTTP/1.1" 200 6742
INFO 2020-01-17 14:18:39,849 basehttp 124 "GET /media/article/20200115/python.png HTTP/1.1" 304 0
INFO 2020-01-17 14:18:49,259 basehttp 124 "GET /?cat_id=2 HTTP/1.1" 200 5270
INFO 2020-01-17 14:18:50,732 basehttp 124 "GET /?cat_id=1 HTTP/1.1" 200 6742
INFO 2020-01-17 14:19:54,977 basehttp 124 "GET /?cat_id=1 HTTP/1.1" 200 8214
INFO 2020-01-17 14:20:11,132 basehttp 124 "GET /?cat_id=1 HTTP/1.1" 200 19990
INFO 2020-01-17 14:20:17,281 basehttp 124 "GET /?cat_id=1&page_size=10&page_num=2 HTTP/1.1" 200 14102
INFO 2020-01-17 14:20:30,238 basehttp 124 "GET /?cat_id=1&page_size=10&page_num=2 HTTP/1.1" 200 19990
INFO 2020-01-17 14:20:33,994 basehttp 124 "GET /?cat_id=1&page_size=10&page_num=4 HTTP/1.1" 200 8214
INFO 2020-01-17 14:20:38,978 basehttp 124 "GET /?cat_id=1&page_size=10&page_num=1 HTTP/1.1" 200 19990
INFO 2020-01-17 14:52:50,856 basehttp 124 "GET /?cat_id=1&page_size=10&page_num=1 HTTP/1.1" 200 19790
INFO 2020-01-17 14:53:33,323 basehttp 124 "GET /?cat_id=1&page_size=10&page_num=1 HTTP/1.1" 200 19990
INFO 2020-01-17 14:54:05,163 basehttp 124 "GET /?cat_id=1&page_size=10&page_num=1 HTTP/1.1" 200 20040
INFO 2020-01-17 14:54:07,458 basehttp 124 "GET /static/detail.html HTTP/1.1" 200 8879
INFO 2020-01-17 14:54:07,532 basehttp 124 "GET /static/ckeditor/ckeditor/plugins/prism/lib/prism/prism_patched.min.js HTTP/1.1" 200 99487
INFO 2020-01-17 14:54:07,535 basehttp 124 "GET /static/prism/prism.css HTTP/1.1" 200 4033
INFO 2020-01-17 14:54:07,537 basehttp 124 "GET /static/js/detail.js HTTP/1.1" 200 1294
INFO 2020-01-17 14:54:07,846 basehttp 124 "GET /static/ckeditor/ckeditor/lang/en.js?t=I3I8 HTTP/1.1" 200 19035
INFO 2020-01-17 14:54:07,907 basehttp 124 "GET /static/ckeditor/ckeditor/plugins/codesnippet/plugin.js?t=I3I8 HTTP/1.1" 200 3824
INFO 2020-01-17 14:54:07,914 basehttp 124 "GET /static/ckeditor/ckeditor/plugins/prism/plugin.js?t=I3I8 HTTP/1.1" 200 4333
INFO 2020-01-17 14:54:07,942 basehttp 124 "GET /static/ckeditor/ckeditor/plugins/codesnippet/lang/en.js?t=I3I8 HTTP/1.1" 200 369
INFO 2020-01-17 14:54:07,996 basehttp 124 "GET /static/ckeditor/ckeditor/plugins/codesnippet/icons/codesnippet.png?t=I3I8 HTTP/1.1" 200 597
INFO 2020-01-17 14:54:08,019 basehttp 124 "GET /static/ckeditor/ckeditor/plugins/prism/lib/prism/prism_patched.min.css HTTP/1.1" 200 2063
INFO 2020-01-17 14:54:20,182 basehttp 124 "GET /?cat_id=1&page_size=10&page_num=1 HTTP/1.1" 200 19990
INFO 2020-01-17 14:54:21,473 basehttp 124 "GET /?cat_id=1&page_size=10&page_num=1 HTTP/1.1" 200 19990
INFO 2020-01-17 14:54:29,659 basehttp 124 "GET /?cat_id=1 HTTP/1.1" 200 19990
INFO 2020-01-17 14:55:14,667 basehttp 124 "GET /writeblog/ HTTP/1.1" 200 6132
INFO 2020-01-17 14:55:14,699 basehttp 124 "GET /static/js/write_blog.js HTTP/1.1" 304 0
INFO 2020-01-17 14:57:06,976 basehttp 124 "GET /?cat_id=1 HTTP/1.1" 200 20110
INFO 2020-01-17 14:57:49,739 basehttp 124 "GET /?cat_id=1 HTTP/1.1" 200 20110
INFO 2020-01-17 14:57:50,393 basehttp 124 "GET /?cat_id=2 HTTP/1.1" 200 5270
INFO 2020-01-17 14:57:51,592 basehttp 124 "GET /?cat_id=1 HTTP/1.1" 200 20110
INFO 2020-01-17 15:24:37,537 basehttp 124 "GET /detail/ HTTP/1.1" 200 8750
WARNING 2020-01-17 15:24:37,973 log 228 Not Found: /detail/ckeditor/ckeditor/config.js
WARNING 2020-01-17 15:24:37,975 basehttp 124 "GET /detail/ckeditor/ckeditor/config.js?t=I3I8 HTTP/1.1" 404 3887
WARNING 2020-01-17 15:24:38,068 log 228 Not Found: /detail/ckeditor/ckeditor/lang/en.js
WARNING 2020-01-17 15:24:38,073 log 228 Not Found: /detail/ckeditor/ckeditor/skins/moono-lisa/editor.css
WARNING 2020-01-17 15:24:38,078 basehttp 124 "GET /detail/ckeditor/ckeditor/lang/en.js?t=I3I8 HTTP/1.1" 404 3890
WARNING 2020-01-17 15:24:38,079 basehttp 124 "GET /detail/ckeditor/ckeditor/skins/moono-lisa/editor.css?t=I3I8 HTTP/1.1" 404 3941
INFO 2020-01-17 15:29:24,117 basehttp 124 "GET /detail/ HTTP/1.1" 200 8732
INFO 2020-01-17 15:39:04,554 basehttp 124 "GET / HTTP/1.1" 200 20032
INFO 2020-01-17 15:39:26,806 basehttp 124 "GET /detail/?id=1 HTTP/1.1" 200 9788
INFO 2020-01-17 16:11:25,371 basehttp 124 "GET /detail/?id=1111111 HTTP/1.1" 200 1140
INFO 2020-01-17 16:11:25,485 basehttp 124 "GET /static/img/404.png HTTP/1.1" 200 107422
INFO 2020-01-17 16:11:36,114 basehttp 124 "GET / HTTP/1.1" 200 20032
INFO 2020-01-17 16:13:16,471 basehttp 124 "GET / HTTP/1.1" 200 20032
INFO 2020-01-17 16:13:18,271 basehttp 124 "GET /detail/?id=1 HTTP/1.1" 200 9788
INFO 2020-01-17 16:13:24,760 basehttp 124 "GET /detail/?id=2 HTTP/1.1" 200 9788
INFO 2020-01-17 16:43:24,011 basehttp 124 "GET /detail/?id=1 HTTP/1.1" 200 10334
INFO 2020-01-17 16:43:47,167 basehttp 124 "GET /writeblog/ HTTP/1.1" 200 6132
INFO 2020-01-17 16:43:52,116 basehttp 124 "GET / HTTP/1.1" 200 20032
INFO 2020-01-17 16:43:53,917 basehttp 124 "GET /detail/?id=1 HTTP/1.1" 200 10334
WARNING 2020-01-17 17:31:00,789 log 228 Forbidden (CSRF token missing or incorrect.): /detail/
WARNING 2020-01-17 17:31:00,794 basehttp 124 "POST /detail/?id=1 HTTP/1.1" 403 2508
INFO 2020-01-17 17:31:13,072 basehttp 124 "GET /detail/?id=1 HTTP/1.1" 200 10538
INFO 2020-01-17 17:32:14,498 basehttp 124 "POST /detail/?id=1 HTTP/1.1" 302 0
INFO 2020-01-17 17:32:14,685 basehttp 124 "GET /detail/?id=1 HTTP/1.1" 200 10538
INFO 2020-01-17 18:32:55,733 basehttp 124 "GET /detail/?id=1 HTTP/1.1" 200 9177
INFO 2020-01-17 18:33:35,419 basehttp 124 "GET /detail/?id=1 HTTP/1.1" 200 9172
INFO 2020-01-17 18:33:54,329 basehttp 124 "GET /detail/?id=1 HTTP/1.1" 200 9171
INFO 2020-01-17 18:34:05,608 basehttp 124 "GET /detail/?id=1 HTTP/1.1" 200 9159
INFO 2020-01-17 18:40:45,235 basehttp 124 "GET /detail/?id=1 HTTP/1.1" 200 10538
INFO 2020-01-17 18:55:05,543 basehttp 124 "GET /detail/?id=1 HTTP/1.1" 200 9154
INFO 2020-01-17 18:55:52,133 basehttp 124 "GET /detail/?id=1 HTTP/1.1" 200 9639
INFO 2020-01-17 18:56:06,918 basehttp 124 "GET /detail/?id=1 HTTP/1.1" 200 13520
INFO 2020-01-17 18:56:16,976 basehttp 124 "GET /detail/?id=1&page_size=10&page_num=2 HTTP/1.1" 200 13520
